<?xml version="1.0" encoding="UTF-8"?>
<testsuite name="project_clearpath" tests="1" failures="0" time="0.978" errors="1" skipped="0">
  <testcase classname="project_clearpath" name="uncrustify.xunit.missing_result" time="0.978">
    <error message="The test did not generate a result file:&#10;&#10;/opt/ros/humble/lib/python3.10/site-packages/ament_uncrustify/configuration/ament_code_style.cfg:66: option 'sp_cpp_lambda_paren' is deprecated; use 'sp_cpp_lambda_square_paren' instead&#10;/opt/ros/humble/lib/python3.10/site-packages/ament_uncrustify/configuration/ament_code_style.cfg:519: option 'sp_word_brace' is deprecated; did you want to use 'sp_type_brace_init_lst' instead?&#10;Output prefix: /tmp/uncrustify_s6dtuitr/&#10;Output suffix: .uncrustify&#10;Parsing: /home/ana/final/project_clearpath/build/project_clearpath/CMakeFiles/3.22.1/CompilerIdC/CMakeCCompilerId.c as language C&#10;Parsing: /home/ana/final/project_clearpath/install/project_clearpath/include/gmock/gmock-actions.h as language C&#10;combine_labels(412): /home/ana/final/project_clearpath/install/project_clearpath/include/gmock/gmock-actions.h:276 unexpected colon in col 24 n-parent=NONE c-parent=NONE l=2 bl=2&#10;combine_labels(412): /home/ana/final/project_clearpath/install/project_clearpath/include/gmock/gmock-actions.h:282 unexpected colon in col 5 n-parent=NONE c-parent=NONE l=2 bl=2&#10;combine_labels(412): /home/ana/final/project_clearpath/install/project_clearpath/include/gmock/gmock-actions.h:288 unexpected colon in col 24 n-parent=NONE c-parent=NONE l=2 bl=2&#10;combine_labels(412): /home/ana/final/project_clearpath/install/project_clearpath/include/gmock/gmock-actions.h:293 unexpected colon in col 5 n-parent=NONE c-parent=NONE l=2 bl=2&#10;combine_labels(412): /home/ana/final/project_clearpath/install/project_clearpath/include/gmock/gmock-actions.h:359 unexpected colon in col 5 n-parent=NONE c-parent=NONE l=2 bl=2&#10;combine_labels(412): /home/ana/final/project_clearpath/install/project_clearpath/include/gmock/gmock-actions.h:1514 unexpected colon in col 5 n-parent=NONE c-parent=NONE l=2 bl=2&#10;combine_labels(412): /home/ana/final/project_clearpath/install/project_clearpath/include/gmock/gmock-actions.h:2103 unexpected colon in col 37 n-parent=NONE c-parent=NONE l=2 bl=2&#10;Parsing: /home/ana/final/project_clearpath/install/project_clearpath/include/gmock/gmock-cardinalities.h as language C&#10;Parsing: /home/ana/final/project_clearpath/install/project_clearpath/include/gmock/gmock-function-mocker.h as language C&#10;Parsing: /home/ana/final/project_clearpath/install/project_clearpath/include/gmock/gmock-matchers.h as language C&#10;combine_labels(412): /home/ana/final/project_clearpath/install/project_clearpath/include/gmock/gmock-matchers.h:2031 unexpected colon in col 37 n-parent=NONE c-parent=NONE l=2 bl=2&#10;combine_labels(412): /home/ana/final/project_clearpath/install/project_clearpath/include/gmock/gmock-matchers.h:3276 unexpected colon in col 5 n-parent=NONE c-parent=NONE l=2 bl=2&#10;combine_labels(412): /home/ana/final/project_clearpath/install/project_clearpath/include/gmock/gmock-matchers.h:3612 unexpected colon in col 5 n-parent=NONE c-parent=NONE l=2 bl=2&#10;combine_labels(412): /home/ana/final/project_clearpath/install/project_clearpath/include/gmock/gmock-matchers.h:5449 unexpected colon in col 7 n-parent=NONE c-parent=NONE l=1 bl=1&#10;Parsing: /home/ana/final/project_clearpath/install/project_clearpath/include/gmock/gmock-more-actions.h as language C&#10;combine_labels(412): /home/ana/final/project_clearpath/install/project_clearpath/include/gmock/gmock-more-actions.h:243 unexpected colon in col 24 n-parent=NONE c-parent=C_CAST l=1 bl=1&#10;combine_labels(412): /home/ana/final/project_clearpath/install/project_clearpath/include/gmock/gmock-more-actions.h:246 unexpected colon in col 7 n-parent=NONE c-parent=NONE l=1 bl=1&#10;combine_labels(412): /home/ana/final/project_clearpath/install/project_clearpath/include/gmock/gmock-more-actions.h:249 unexpected colon in col 7 n-parent=NONE c-parent=NONE l=1 bl=1&#10;combine_labels(412): /home/ana/final/project_clearpath/install/project_clearpath/include/gmock/gmock-more-actions.h:255 unexpected colon in col 7 n-parent=NONE c-parent=NONE l=1 bl=1&#10;combine_labels(412): /home/ana/final/project_clearpath/install/project_clearpath/include/gmock/gmock-more-actions.h:262 unexpected colon in col 7 n-parent=NONE c-parent=NONE l=1 bl=1&#10;combine_labels(412): /home/ana/final/project_clearpath/install/project_clearpath/include/gmock/gmock-more-actions.h:270 unexpected colon in col 7 n-parent=NONE c-parent=NONE l=1 bl=1&#10;combine_labels(412): /home/ana/final/project_clearpath/install/project_clearpath/include/gmock/gmock-more-actions.h:280 unexpected colon in col 7 n-parent=NONE c-parent=NONE l=1 bl=1&#10;combine_labels(412): /home/ana/final/project_clearpath/install/project_clearpath/include/gmock/gmock-more-actions.h:291 unexpected colon in col 7 n-parent=NONE c-parent=NONE l=1 bl=1&#10;combine_labels(412): /home/ana/final/project_clearpath/install/project_clearpath/include/gmock/gmock-more-actions.h:304 unexpected colon in col 7 n-parent=NONE c-parent=NONE l=1 bl=1&#10;combine_labels(412): /home/ana/final/project_clearpath/install/project_clearpath/include/gmock/gmock-more-actions.h:319 unexpected colon in col 7 n-parent=NONE c-parent=NONE l=1 bl=1&#10;Parsing: /home/ana/final/project_clearpath/install/project_clearpath/include/gmock/gmock-more-matchers.h as language C&#10;Parsing: /home/ana/final/project_clearpath/install/project_clearpath/include/gmock/gmock-nice-strict.h as language C&#10;combine_labels(412): /home/ana/final/project_clearpath/install/project_clearpath/include/gmock/gmock-nice-strict.h:150 unexpected colon in col 5 n-parent=NONE c-parent=NONE l=1 bl=1&#10;combine_labels(412): /home/ana/final/project_clearpath/install/project_clearpath/include/gmock/gmock-nice-strict.h:191 unexpected colon in col 5 n-parent=NONE c-parent=NONE l=1 bl=1&#10;combine_labels(412): /home/ana/final/project_clearpath/install/project_clearpath/include/gmock/gmock-nice-strict.h:233 unexpected colon in col 5 n-parent=NONE c-parent=NONE l=1 bl=1&#10;Parsing: /home/ana/final/project_clearpath/install/project_clearpath/include/gmock/gmock-spec-builders.h as language C&#10;combine_labels(412): /home/ana/final/project_clearpath/install/project_clearpath/include/gmock/gmock-spec-builders.h:878 unexpected colon in col 36 n-parent=NONE c-parent=NONE l=2 bl=2&#10;combine_labels(412): /home/ana/final/project_clearpath/install/project_clearpath/include/gmock/gmock-spec-builders.h:1965 unexpected colon in col 5 n-parent=NONE c-parent=NONE l=2 bl=2&#10;Parsing: /home/ana/final/project_clearpath/install/project_clearpath/include/gmock/gmock.h as language C&#10;Parsing: /home/ana/final/project_clearpath/install/project_clearpath/include/gmock/internal/gmock-internal-utils.h as language C&#10;Parsing: /home/ana/final/project_clearpath/install/project_clearpath/include/gmock/internal/gmock-port.h as language C&#10;Parsing: /home/ana/final/project_clearpath/install/project_clearpath/include/gmock/internal/gmock-pp.h as language C&#10;Parsing: /home/ana/final/project_clearpath/install/project_clearpath/include/gmock/internal/custom/gmock-generated-actions.h as language C&#10;Parsing: /home/ana/final/project_clearpath/install/project_clearpath/include/gmock/internal/custom/gmock-matchers.h as language C&#10;Parsing: /home/ana/final/project_clearpath/install/project_clearpath/include/gmock/internal/custom/gmock-port.h as language C&#10;Parsing: /home/ana/final/project_clearpath/install/project_clearpath/include/gtest/gtest-assertion-result.h as language C&#10;Parsing: /home/ana/final/project_clearpath/install/project_clearpath/include/gtest/gtest-death-test.h as language C&#10;Parsing: /home/ana/final/project_clearpath/install/project_clearpath/include/gtest/gtest-matchers.h as language C&#10;combine_labels(412): /home/ana/final/project_clearpath/install/project_clearpath/include/gtest/gtest-matchers.h:495 unexpected colon in col 5 n-parent=NONE c-parent=NONE l=1 bl=1&#10;combine_labels(412): /home/ana/final/project_clearpath/install/project_clearpath/include/gtest/gtest-matchers.h:517 unexpected colon in col 5 n-parent=NONE c-parent=NONE l=1 bl=1&#10;combine_labels(412): /home/ana/final/project_clearpath/install/project_clearpath/include/gtest/gtest-matchers.h:545 unexpected colon in col 5 n-parent=NONE c-parent=NONE l=1 bl=1&#10;combine_labels(412): /home/ana/final/project_clearpath/install/project_clearpath/include/gtest/gtest-matchers.h:571 unexpected colon in col 5 n-parent=NONE c-parent=NONE l=1 bl=1&#10;combine_labels(412): /home/ana/final/project_clearpath/install/project_clearpath/include/gtest/gtest-matchers.h:734 unexpected colon in col 5 n-parent=NONE c-parent=NONE l=2 bl=2&#10;combine_labels(412): /home/ana/final/project_clearpath/install/project_clearpath/include/gtest/gtest-matchers.h:759 unexpected colon in col 5 n-parent=NONE c-parent=NONE l=2 bl=2&#10;combine_labels(412): /home/ana/final/project_clearpath/install/project_clearpath/include/gtest/gtest-matchers.h:768 unexpected colon in col 5 n-parent=NONE c-parent=NONE l=2 bl=2&#10;Parsing: /home/ana/final/project_clearpath/install/project_clearpath/include/gtest/gtest-message.h as language C&#10;Parsing: /home/ana/final/project_clearpath/install/project_clearpath/include/gtest/gtest-param-test.h as language C&#10;Parsing: /home/ana/final/project_clearpath/install/project_clearpath/include/gtest/gtest-printers.h as language C&#10;combine_labels(412): /home/ana/final/project_clearpath/install/project_clearpath/include/gtest/gtest-printers.h:816 unexpected colon in col 33 n-parent=NONE c-parent=NONE l=2 bl=2&#10;combine_labels(412): /home/ana/final/project_clearpath/install/project_clearpath/include/gtest/gtest-printers.h:1026 unexpected colon in col 36 n-parent=NONE c-parent=NONE l=2 bl=2&#10;combine_labels(412): /home/ana/final/project_clearpath/install/project_clearpath/include/gtest/gtest-printers.h:1043 unexpected colon in col 5 n-parent=NONE c-parent=NONE l=2 bl=2&#10;combine_labels(412): /home/ana/final/project_clearpath/install/project_clearpath/include/gtest/gtest-printers.h:1059 unexpected colon in col 5 n-parent=NONE c-parent=NONE l=2 bl=2&#10;combine_labels(412): /home/ana/final/project_clearpath/install/project_clearpath/include/gtest/gtest-printers.h:1074 unexpected colon in col 5 n-parent=NONE c-parent=NONE l=2 bl=2&#10;Parsing: /home/ana/final/project_clearpath/install/project_clearpath/include/gtest/gtest-spi.h as language C&#10;combine_labels(412): /home/ana/final/project_clearpath/install/project_clearpath/include/gtest/gtest-spi.h:55 unexpected colon in col 5 n-parent=NONE c-parent=NONE l=1 bl=1&#10;Parsing: /home/ana/final/project_clearpath/install/project_clearpath/include/gtest/gtest-test-part.h as language C&#10;combine_labels(412): /home/ana/final/project_clearpath/install/project_clearpath/include/gtest/gtest-test-part.h:171 unexpected colon in col 5 n-parent=NONE c-parent=NONE l=2 bl=2&#10;Parsing: /home/ana/final/project_clearpath/install/project_clearpath/include/gtest/gtest-typed-test.h as language C&#10;Parsing: /home/ana/final/project_clearpath/install/project_clearpath/include/gtest/gtest.h as language C&#10;combine_labels(412): /home/ana/final/project_clearpath/install/project_clearpath/include/gtest/gtest.h:916 unexpected colon in col 5 n-parent=NONE c-parent=NONE l=1 bl=1&#10;Parsing: /home/ana/final/project_clearpath/install/project_clearpath/include/gtest/gtest_pred_impl.h as language C&#10;Parsing: /home/ana/final/project_clearpath/install/project_clearpath/include/gtest/gtest_prod.h as language C&#10;Parsing: /home/ana/final/project_clearpath/install/project_clearpath/include/gtest/internal/gtest-death-test-internal.h as language C&#10;Parsing: /home/ana/final/project_clearpath/install/project_clearpath/include/gtest/internal/gtest-filepath.h as language C&#10;Parsing: /home/ana/final/project_clearpath/install/project_clearpath/include/gtest/internal/gtest-internal.h as language C&#10;combine_labels(412): /home/ana/final/project_clearpath/install/project_clearpath/include/gtest/internal/gtest-internal.h:975 unexpected colon in col 43 n-parent=NONE c-parent=NONE l=2 bl=2&#10;combine_labels(412): /home/ana/final/project_clearpath/install/project_clearpath/include/gtest/internal/gtest-internal.h:1172 unexpected colon in col 33 n-parent=NONE c-parent=NONE l=2 bl=2&#10;combine_labels(412): /home/ana/final/project_clearpath/install/project_clearpath/include/gtest/internal/gtest-internal.h:1227 unexpected colon in col 5 n-parent=NONE c-parent=NONE l=2 bl=2&#10;combine_labels(412): /home/ana/final/project_clearpath/install/project_clearpath/include/gtest/internal/gtest-internal.h:1267 unexpected colon in col 5 n-parent=NONE c-parent=NONE l=2 bl=2&#10;combine_labels(412): /home/ana/final/project_clearpath/install/project_clearpath/include/gtest/internal/gtest-internal.h:1322 unexpected colon in col 5 n-parent=NONE c-parent=NONE l=1 bl=1&#10;Parsing: /home/ana/final/project_clearpath/install/project_clearpath/include/gtest/internal/gtest-param-util.h as language C&#10;combine_labels(412): /home/ana/final/project_clearpath/install/project_clearpath/include/gtest/internal/gtest-param-util.h:438 unexpected colon in col 5 n-parent=NONE c-parent=NONE l=2 bl=2&#10;combine_labels(412): /home/ana/final/project_clearpath/install/project_clearpath/include/gtest/internal/gtest-param-util.h:822 unexpected colon in col 5 n-parent=NONE c-parent=NONE l=2 bl=2&#10;combine_labels(412): /home/ana/final/project_clearpath/install/project_clearpath/include/gtest/internal/gtest-param-util.h:842 unexpected colon in col 7 n-parent=NONE c-parent=NONE l=3 bl=3&#10;Parsing: /home/ana/final/project_clearpath/install/project_clearpath/include/gtest/internal/gtest-port-arch.h as language C&#10;Parsing: /home/ana/final/project_clearpath/install/project_clearpath/include/gtest/internal/gtest-port.h as language C&#10;Parsing: /home/ana/final/project_clearpath/install/project_clearpath/include/gtest/internal/gtest-string.h as language C&#10;Parsing: /home/ana/final/project_clearpath/install/project_clearpath/include/gtest/internal/gtest-type-util.h as language C&#10;combine_labels(412): /home/ana/final/project_clearpath/install/project_clearpath/include/gtest/internal/gtest-type-util.h:198 unexpected colon in col 49 n-parent=NONE c-parent=NONE l=2 bl=2&#10;Parsing: /home/ana/final/project_clearpath/install/project_clearpath/include/gtest/internal/custom/gtest-port.h as language C&#10;Parsing: /home/ana/final/project_clearpath/install/project_clearpath/include/gtest/internal/custom/gtest-printers.h as language C&#10;Parsing: /home/ana/final/project_clearpath/install/project_clearpath/include/gtest/internal/custom/gtest.h as language C&#10;&#10;The invocation of 'uncrustify' failed with error code 1: Command '['/usr/bin/uncrustify', '-c', '/opt/ros/humble/lib/python3.10/site-packages/ament_uncrustify/configuration/ament_code_style.cfg', '-l', 'C', '--prefix', '/tmp/uncrustify_s6dtuitr', '--suffix', '.uncrustify', '/home/ana/final/project_clearpath/build/project_clearpath/CMakeFiles/3.22.1/CompilerIdC/CMakeCCompilerId.c', '/home/ana/final/project_clearpath/install/project_clearpath/include/gmock/gmock-actions.h', '/home/ana/final/project_clearpath/install/project_clearpath/include/gmock/gmock-cardinalities.h', '/home/ana/final/project_clearpath/install/project_clearpath/include/gmock/gmock-function-mocker.h', '/home/ana/final/project_clearpath/install/project_clearpath/include/gmock/gmock-matchers.h', '/home/ana/final/project_clearpath/install/project_clearpath/include/gmock/gmock-more-actions.h', '/home/ana/final/project_clearpath/install/project_clearpath/include/gmock/gmock-more-matchers.h', '/home/ana/final/project_clearpath/install/project_clearpath/include/gmock/gmock-nice-strict.h', '/home/ana/final/project_clearpath/install/project_clearpath/include/gmock/gmock-spec-builders.h', '/home/ana/final/project_clearpath/install/project_clearpath/include/gmock/gmock.h', '/home/ana/final/project_clearpath/install/project_clearpath/include/gmock/internal/gmock-internal-utils.h', '/home/ana/final/project_clearpath/install/project_clearpath/include/gmock/internal/gmock-port.h', '/home/ana/final/project_clearpath/install/project_clearpath/include/gmock/internal/gmock-pp.h', '/home/ana/final/project_clearpath/install/project_clearpath/include/gmock/internal/custom/gmock-generated-actions.h', '/home/ana/final/project_clearpath/install/project_clearpath/include/gmock/internal/custom/gmock-matchers.h', '/home/ana/final/project_clearpath/install/project_clearpath/include/gmock/internal/custom/gmock-port.h', '/home/ana/final/project_clearpath/install/project_clearpath/include/gtest/gtest-assertion-result.h', '/home/ana/final/project_clearpath/install/project_clearpath/include/gtest/gtest-death-test.h', '/home/ana/final/project_clearpath/install/project_clearpath/include/gtest/gtest-matchers.h', '/home/ana/final/project_clearpath/install/project_clearpath/include/gtest/gtest-message.h', '/home/ana/final/project_clearpath/install/project_clearpath/include/gtest/gtest-param-test.h', '/home/ana/final/project_clearpath/install/project_clearpath/include/gtest/gtest-printers.h', '/home/ana/final/project_clearpath/install/project_clearpath/include/gtest/gtest-spi.h', '/home/ana/final/project_clearpath/install/project_clearpath/include/gtest/gtest-test-part.h', '/home/ana/final/project_clearpath/install/project_clearpath/include/gtest/gtest-typed-test.h', '/home/ana/final/project_clearpath/install/project_clearpath/include/gtest/gtest.h', '/home/ana/final/project_clearpath/install/project_clearpath/include/gtest/gtest_pred_impl.h', '/home/ana/final/project_clearpath/install/project_clearpath/include/gtest/gtest_prod.h', '/home/ana/final/project_clearpath/install/project_clearpath/include/gtest/internal/gtest-death-test-internal.h', '/home/ana/final/project_clearpath/install/project_clearpath/include/gtest/internal/gtest-filepath.h', '/home/ana/final/project_clearpath/install/project_clearpath/include/gtest/internal/gtest-internal.h', '/home/ana/final/project_clearpath/install/project_clearpath/include/gtest/internal/gtest-param-util.h', '/home/ana/final/project_clearpath/install/project_clearpath/include/gtest/internal/gtest-port-arch.h', '/home/ana/final/project_clearpath/install/project_clearpath/include/gtest/internal/gtest-port.h', '/home/ana/final/project_clearpath/install/project_clearpath/include/gtest/internal/gtest-string.h', '/home/ana/final/project_clearpath/install/project_clearpath/include/gtest/internal/gtest-type-util.h', '/home/ana/final/project_clearpath/install/project_clearpath/include/gtest/internal/custom/gtest-port.h', '/home/ana/final/project_clearpath/install/project_clearpath/include/gtest/internal/custom/gtest-printers.h', '/home/ana/final/project_clearpath/install/project_clearpath/include/gtest/internal/custom/gtest.h']' returned non-zero exit status 1.&#10;"/>
  </testcase>
</testsuite>
